This file contains any messages produced by compilers while
running configure, to aid debugging if configure makes a mistake.

It was created by check_hpasm configure 4pre3, which was
generated by GNU Autoconf 2.61.  Invocation command line was

  $ ./configure --enable-perfdata

## --------- ##
## Platform. ##
## --------- ##

hostname = v1948.ncsrv.de
uname -m = i686
uname -r = 2.6.18-028stab062.3
uname -s = Linux
uname -v = #1 SMP Thu Mar 26 14:46:38 MSK 2009

/usr/bin/uname -p = unknown
/bin/uname -X     = unknown

/bin/arch              = i686
/usr/bin/arch -k       = unknown
/usr/convex/getsysinfo = unknown
/usr/bin/hostinfo      = unknown
/bin/machine           = unknown
/usr/bin/oslevel       = unknown
/bin/universe          = unknown

PATH: /usr/local/sbin
PATH: /usr/local/bin
PATH: /usr/sbin
PATH: /usr/bin
PATH: /sbin
PATH: /bin
PATH: /usr/games
PATH: /usr/lib/oracle/xe/app/oracle/product/10.2.0/client/bin


## ----------- ##
## Core tests. ##
## ----------- ##

configure:1735: checking for a BSD-compatible install
configure:1791: result: /usr/bin/install -c
configure:1802: checking whether build environment is sane
configure:1845: result: yes
configure:1873: checking for a thread-safe mkdir -p
configure:1912: result: /bin/mkdir -p
configure:1925: checking for gawk
configure:1941: found /usr/bin/gawk
configure:1952: result: gawk
configure:1963: checking whether make sets $(MAKE)
configure:1984: result: yes
configure:2167: checking how to create a pax tar archive
configure:2180: tar --version
tar (GNU tar) 1.16
Copyright (C) 2006 Free Software Foundation, Inc.
This is free software.  You may redistribute copies of it under the terms of
the GNU General Public License <http://www.gnu.org/licenses/gpl.html>.
There is NO WARRANTY, to the extent permitted by law.

Written by John Gilmore and Jay Fenlason.
configure:2183: $? = 0
configure:2223: tardir=conftest.dir && eval tar --format=posix -chf - "$tardir" >conftest.tar
configure:2226: $? = 0
configure:2230: tar -xf - <conftest.tar
configure:2233: $? = 0
configure:2246: result: gnutar
configure:2259: checking build system type
configure:2277: result: i686-pc-linux-gnu
configure:2299: checking host system type
configure:2314: result: i686-pc-linux-gnu
configure:2355: checking for a BSD-compatible install
configure:2411: result: /usr/bin/install -c
configure:2424: checking whether make sets $(MAKE)
configure:2445: result: yes
configure:2458: checking for gawk
configure:2485: result: gawk
configure:2627: checking for sh
configure:2645: found /bin/sh
configure:2657: result: /bin/sh
configure:2667: checking for perl
configure:2685: found /usr/bin/perl
configure:2697: result: /usr/bin/perl
configure:2849: creating ./config.status

## ---------------------- ##
## Running config.status. ##
## ---------------------- ##

This file was extended by check_hpasm config.status 4pre3, which was
generated by GNU Autoconf 2.61.  Invocation command line was

  CONFIG_FILES    = 
  CONFIG_HEADERS  = 
  CONFIG_LINKS    = 
  CONFIG_COMMANDS = 
  $ ./config.status 

on v1948.ncsrv.de

config.status:613: creating Makefile
config.status:613: creating plugins-scripts/Makefile
config.status:613: creating plugins-scripts/subst

## ---------------- ##
## Cache variables. ##
## ---------------- ##

ac_cv_build=i686-pc-linux-gnu
ac_cv_env_build_alias_set=
ac_cv_env_build_alias_value=
ac_cv_env_host_alias_set=
ac_cv_env_host_alias_value=
ac_cv_env_target_alias_set=
ac_cv_env_target_alias_value=
ac_cv_host=i686-pc-linux-gnu
ac_cv_path_PERL=/usr/bin/perl
ac_cv_path_SH=/bin/sh
ac_cv_path_install='/usr/bin/install -c'
ac_cv_path_mkdir=/bin/mkdir
ac_cv_prog_AWK=gawk
ac_cv_prog_make_make_set=yes
am_cv_prog_tar_pax=gnutar

## ----------------- ##
## Output variables. ##
## ----------------- ##

ACLOCAL='${SHELL} /home/koarlmoik/git/check_hpasm/missing --run aclocal-1.10'
AMTAR='${SHELL} /home/koarlmoik/git/check_hpasm/missing --run tar'
AUTOCONF='${SHELL} /home/koarlmoik/git/check_hpasm/missing --run autoconf'
AUTOHEADER='${SHELL} /home/koarlmoik/git/check_hpasm/missing --run autoheader'
AUTOMAKE='${SHELL} /home/koarlmoik/git/check_hpasm/missing --run automake-1.10'
AWK='gawk'
CELSIUS='1'
CYGPATH_W='echo'
DEFS='-DPACKAGE_NAME=\"check_hpasm\" -DPACKAGE_TARNAME=\"check_hpasm\" -DPACKAGE_VERSION=\"4pre3\" -DPACKAGE_STRING=\"check_hpasm\ 4pre3\" -DPACKAGE_BUGREPORT=\"\" -DPACKAGE=\"check_hpasm\" -DVERSION=\"4pre3\"'
ECHO_C=''
ECHO_N='-n'
ECHO_T=''
EXTENDEDINFO='0'
HPACUCLI='0'
HWINFO='1'
INSTALL='/usr/bin/install -c'
INSTALL_DATA='${INSTALL} -m 644'
INSTALL_OPTS='-o nagios -g nagios'
INSTALL_PROGRAM='${INSTALL}'
INSTALL_SCRIPT='${INSTALL}'
INSTALL_STRIP_PROGRAM='$(install_sh) -c -s'
LIBOBJS=''
LIBS=''
LTLIBOBJS=''
MAKEINFO='${SHELL} /home/koarlmoik/git/check_hpasm/missing --run makeinfo'
NOINSTLEVEL='unknown'
PACKAGE='check_hpasm'
PACKAGE_BUGREPORT=''
PACKAGE_NAME='check_hpasm'
PACKAGE_STRING='check_hpasm 4pre3'
PACKAGE_TARNAME='check_hpasm'
PACKAGE_VERSION='4pre3'
PATH_SEPARATOR=':'
PERFDATA='1'
PERL='/usr/bin/perl'
RELEASE='1'
SET_MAKE=''
SH='/bin/sh'
SHELL='/bin/sh'
STRIP=''
SUPPORT='Send email to gerhard.lausser@consol.de if you have questions\nregarding use of this software.\nPlease include version information with all correspondence (when possible,\nuse output from the --version option of the plugin itself).\n'
VERSION='4pre3'
WARRANTY='This plugin comes with ABSOLUTELY NO WARRANTY. You may redistribute\ncopies of the plugin under the terms of the GNU General Public License.\nFor more information about these matters, see the file named COPYING.\n'
am__isrc=''
am__leading_dot='.'
am__tar='tar --format=posix -chf - "$$tardir"'
am__untar='tar -xf -'
bindir='${exec_prefix}/bin'
build='i686-pc-linux-gnu'
build_alias=''
build_cpu='i686'
build_os='linux-gnu'
build_vendor='pc'
datadir='${datarootdir}'
datarootdir='${prefix}/share'
docdir='${datarootdir}/doc/${PACKAGE_TARNAME}'
dvidir='${docdir}'
exec_prefix='${prefix}'
host='i686-pc-linux-gnu'
host_alias=''
host_cpu='i686'
host_os='linux-gnu'
host_vendor='pc'
htmldir='${docdir}'
includedir='${prefix}/include'
infodir='${datarootdir}/info'
install_sh='$(SHELL) /home/koarlmoik/git/check_hpasm/install-sh'
libdir='${exec_prefix}/lib'
libexecdir='${exec_prefix}/libexec'
localedir='${datarootdir}/locale'
localstatedir='${prefix}/var'
mandir='${datarootdir}/man'
mkdir_p='/bin/mkdir -p'
oldincludedir='/usr/include'
pdfdir='${docdir}'
prefix='/usr/local/nagios'
program_transform_name='s,x,x,'
psdir='${docdir}'
sbindir='${exec_prefix}/sbin'
sharedstatedir='${prefix}/com'
sysconfdir='${prefix}/etc'
target_alias=''
with_nagios_group='nagios'
with_nagios_user='nagios'

## ----------- ##
## confdefs.h. ##
## ----------- ##

#define PACKAGE_NAME "check_hpasm"
#define PACKAGE_TARNAME "check_hpasm"
#define PACKAGE_VERSION "4pre3"
#define PACKAGE_STRING "check_hpasm 4pre3"
#define PACKAGE_BUGREPORT ""
#define PACKAGE "check_hpasm"
#define VERSION "4pre3"

configure: exit 0
